<?xml version="1.0" encoding="UTF-8"?>
<!-- Generated by org.testng.reporters.JUnitXMLReporter -->
<testsuite ignored="0" hostname="DESKTOP-TBK4CC8" failures="0" tests="6" name="Default test" time="12.714" errors="0" timestamp="2024-09-25T23:33:11 IST">
  <testcase classname="api.test.DDTests" name="testPostUser" time="4.348"/>
  <testcase classname="api.test.DDTests" name="testPostUser" time="1.192"/>
  <testcase classname="api.test.DDTests" name="testPostUser" time="1.067"/>
  <testcase classname="api.test.DDTests" name="DeleteUser" time="1.261"/>
  <testcase classname="api.test.DDTests" name="DeleteUser" time="1.121"/>
  <testcase classname="api.test.DDTests" name="DeleteUser" time="1.102"/>
</testsuite> <!-- Default test -->
