<?xml version="1.0" encoding="UTF-8"?>
<!-- Generated by org.testng.reporters.JUnitXMLReporter -->
<testsuite ignored="0" hostname="DESKTOP-TBK4CC8" failures="0" tests="10" name="Test" time="25.549" errors="0" timestamp="2024-09-26T12:47:31 IST">
  <testcase classname="api.test.UserTests" name="testPostuser" time="6.048"/>
  <testcase classname="api.test.UserTests" name="testGetuser" time="1.562"/>
  <testcase classname="api.test.UserTests" name="testUpdateuser" time="3.137"/>
  <testcase classname="api.test.UserTests" name="testDeleteuser" time="1.583"/>
  <testcase classname="api.test.DDTests" name="testPostUser" time="1.681"/>
  <testcase classname="api.test.DDTests" name="testPostUser" time="1.62"/>
  <testcase classname="api.test.DDTests" name="testPostUser" time="1.558"/>
  <testcase classname="api.test.DDTests" name="DeleteUser" time="1.597"/>
  <testcase classname="api.test.DDTests" name="DeleteUser" time="1.642"/>
  <testcase classname="api.test.DDTests" name="DeleteUser" time="1.605"/>
</testsuite> <!-- Test -->
